make all --print-data-base --no-builtin-variables --no-builtin-rules --question
# GNU Make 3.81
# Copyright (C) 2006  Free Software Foundation, Inc.
# This is free software; see the source for copying conditions.
# There is NO warranty; not even for MERCHANTABILITY or FITNESS FOR A
# PARTICULAR PURPOSE.

# This program built for i386-apple-darwin11.3.0
 

# Make data base, printed on Sat Jul 16 11:12:11 2022

# Variables

# makefile (from `Makefile', line 89)
FILENAME = response_generator
# automatic
<D = $(patsubst %/,%,$(dir $<))
# automatic
?F = $(notdir $?)
# environment
ELECTRON_NO_ATTACH_CONSOLE = 1
# environment
HOMEBREW_NO_ANALYTICS = 1
# environment
LC_CTYPE = UTF-8
# automatic
?D = $(patsubst %/,%,$(dir $?))
# automatic
@D = $(patsubst %/,%,$(dir $@))
# automatic
@F = $(notdir $@)
# makefile
CURDIR := /Users/mac/code/inherentspice/Voight-Kampff-Test-Backend
# makefile
SHELL = /bin/sh
# makefile (from `Makefile', line 77)
LOCAL_PATH = 'What's_a_weird_smell_you're_willing_to_admit_you_like_all.csv'
# environment
VSCODE_NLS_CONFIG = {"locale":"en-gb","availableLanguages":{},"_languagePackSupport":true}
# makefile (from `Makefile', line 81)
BUCKET_FILE_NAME = $(shell basename ${LOCAL_PATH})
# environment
_ = /usr/bin/make
# makefile (from `Makefile', line 1)
MAKEFILE_LIST :=  Makefile
# environment
__CFBundleIdentifier = com.microsoft.VSCode
# makefile (from `Makefile', line 47)
PYPI_USERNAME = <AUTHOR>
# environment
VSCODE_CWD = /Users/mac/code/inherentspice/Voight-Kampff-Test-Backend
# environment
ALL_PROXY = socks5://127.0.0.1:10010
# environment
LSCOLORS = Gxfxcxdxbxegedabagacad
# environment
VIRTUAL_ENV = /Users/mac/.pyenv/versions/3.8.12/envs/Voight-Kampff-Test-Backend
# makefile (from `Makefile', line 86)
RUNTIME_VERSION = 1.15
# environment
ELECTRON_RUN_AS_NODE = 1
# environment
PYENV_ROOT = /Users/mac/.pyenv
# default
.FEATURES := target-specific order-only second-expansion else-if archives jobserver check-symlink
# environment
SSH_AUTH_SOCK = /private/tmp/com.apple.launchd.ANpzzlFp30/Listeners
# automatic
%F = $(notdir $%)
# environment
CONDA_EXE = /Users/mac/opt/anaconda3/bin/conda
# environment
PWD = /Users/mac/code/inherentspice/Voight-Kampff-Test-Backend
# environment
ORIGINAL_XDG_CURRENT_DESKTOP = undefined
# environment
VSCODE_AMD_ENTRYPOINT = vs/workbench/api/node/extensionHostProcess
# environment
PYENV_SHELL = zsh
# environment
HOME = /Users/mac
# default
MAKEFILEPATH = $(shell /usr/bin/xcode-select -print-path 2>/dev/null || echo /Developer)/Makefiles
# environment
VSCODE_CLI = 1
# environment
VSCODE_CODE_CACHE_PATH = /Users/mac/Library/Application Support/Code/CachedData/b06ae3b2d2dbfe28bca3134cc6be65935cdfea6a
# environment
LOGNAME = mac
# environment
BUNDLER_EDITOR = code
# environment
APPLICATION_INSIGHTS_NO_DIAGNOSTIC_CHANNEL = true
# environment
CONDA_PROMPT_MODIFIER = (base) 
# environment
PYTHONBREAKPOINT = ipdb.set_trace
# environment
VSCODE_HANDLES_UNCAUGHT_ERRORS = true
# automatic
^D = $(patsubst %/,%,$(dir $^))
# environment
XPC_FLAGS = 0x0
# default
MAKE = $(MAKE_COMMAND)
# default
MAKECMDGOALS := all
# environment
PATH = /Users/mac/opt/anaconda3/bin:/Users/mac/opt/anaconda3/condabin:bin:node_modules/.bin:/Users/mac/.pyenv/plugins/pyenv-virtualenv/shims:/Users/mac/.rbenv/bin:/Users/mac/.pyenv/plugins/pyenv-virtualenv/shims:/Users/mac/.pyenv/shims:/Users/mac/.pyenv/bin:/usr/local/bin:/usr/bin:/bin:/usr/sbin:/sbin:/usr/local/sbin
# environment
SHLVL = 3
# default
MAKE_VERSION := 3.81
# environment
USER = mac
# makefile
.DEFAULT_GOAL := install_requirements
# environment
TERM_SESSION_ID = 4DC25ECA-205D-4A7A-906D-23DA129FCAED
# environment
LESS = -R
# automatic
 
%D = $(patsubst %/,%,$(dir $%))
# makefile (from `Makefile', line 85)
PYTHON_VERSION = 3.8.12
# environment
CONDA_SHLVL = 1
# default
MAKE_COMMAND := /Library/Developer/CommandLineTools/usr/bin/make
# environment
TERM_PROGRAM = Apple_Terminal
# default
.VARIABLES := 
# environment
TMPDIR = /var/folders/wc/2q4dwnq93bj7t10_sww8jmv40000gn/T/
# automatic
*F = $(notdir $*)
# environment
VSCODE_IPC_HOOK = /Users/mac/Library/Application Support/Code/1.69.1-main.sock
# environment
MallocNanoZone = 0
# environment
PYTHONPATH = /Users/mac/code/TshepoKubeka/data-challenges/04-Decision-Science:
# makefile
MAKEFLAGS = Rrqp
# environment
MFLAGS = -Rrqp
# automatic
*D = $(patsubst %/,%,$(dir $*))
# environment
TERM_PROGRAM_VERSION = 444
# environment
NVM_DIR = /Users/mac/.nvm
# environment
XPC_SERVICE_NAME = application.com.microsoft.VSCode.12898322892.12898322898.9505F9F7-E0A6-4D64-9107-D0930F631348
# automatic
+D = $(patsubst %/,%,$(dir $+))
# makefile (from `Makefile', line 79)
BUCKET_FOLDER = raw_data
# automatic
+F = $(notdir $+)
# makefile (from `Makefile', line 69)
REGION = US-WEST1
# makefile (from `Makefile', line 67)
BUCKET_NAME = voight-kampff-test
# makefile (from `Makefile', line 88)
PACKAGE_NAME = VoightKampffModel
# environment
__CF_USER_TEXT_ENCODING = 0x1F5:0x0:0x0
# environment
COMMAND_MODE = unix2003
# default
MAKEFILES := 
# automatic
<F = $(notdir $<)
# environment
EDITOR = code
# environment
PAGER = less
# environment
LC_ALL = C
# environment
PYENV_VIRTUALENV_DISABLE_PROMPT = 1
# environment
CONDA_PYTHON_EXE = /Users/mac/opt/anaconda3/bin/python
# environment
PYENV_VIRTUAL_ENV = /Users/mac/.pyenv/versions/3.8.12/envs/Voight-Kampff-Test-Backend
# automatic
^F = $(notdir $^)
# default
SUFFIXES := 
# environment
_CE_M = 
# makefile (from `Makefile', line 65)
PROJECT_ID = wagon-bootcamp-354400
# environment
PYENV_VIRTUALENV_INIT = 1
# default
.INCLUDE_DIRS = /usr/local/include
# makefile (from `Makefile', line 91)
JOB_NAME = ai_response_training_$(shell date +'%Y%m%d_%H%M%S')
# environment
MAKELEVEL := 0
# environment
CONDA_PREFIX = /Users/mac/opt/anaconda3
# environment
TERM = xterm-256color
# makefile (from `Makefile', line 83)
BUCKET_TRAINING_FOLDER = 'trainings'
# environment
VSCODE_PID = 9708
# environment
_CE_CONDA = 
# environment
LANG = C
# variable set hash-table stats:
# Load=101/1024=10%, Rehash=0, Collisions=5/127=4%

# Pattern-specific Variable Values

# No pattern-specific variable values.

# Directories

# . (device 16777221, inode 12898053927): 20 files, no impossibilities.

# 20 files, no impossibilities in 1 directories.

# Implicit Rules

# No implicit rules.

# Files

black:
#  Implicit rule search has not been done.
#  Modification time never checked.
#  File has not been updated.
#  commands to execute (from `Makefile', line 11):
	@black scripts/* Voight-Kampff-Test-Backend/*.py
	

all: clean install test black check_code
#  Command-line target.
#  Implicit rule search has been done.
#  File does not exist.
#  File has been updated.
#  Needs to be updated (-q is set).
# variable set hash-table stats:
# Load=0/32=0%, Rehash=0, Collisions=0/2=0%

install_requirements:
#  Implicit rule search has not been done.
#  Modification time never checked.
#  File has not been updated.
#  commands to execute (from `Makefile', line 5):
	@pip install -r requirements.txt
	

pypi:
#  Implicit rule search has not been done.
#  Modification time never checked.
#  File has not been updated.
#  commands to execute (from `Makefile', line 55):
	@twine upload dist/* -u $(PYPI_USERNAME)
	

# Not a target:
.SUFFIXES:
#  Implicit rule search has not been done.
#  Modification time never checked.
#  File has not been updated.

# Not a target:
Makefile:
#  Implicit rule search has been done.
#  Last modified 2022-07-09 17:21:12
#  File has been updated.
#  Successfully updated.
# variable set hash-table stats:
# Load=0/32=0%, Rehash=0, Collisions=0/0=0%

test:
#  Implicit rule search has not been done.
#  Modification time never checked.
#  File has not been updated.
#  commands to execute (from `Makefile', line 14):
	@coverage run -m pytest tests/*.py
	@coverage report -m --omit="${VIRTUAL_ENV}/lib/python*"
	

gcp_submit_training:
#  Implicit rule search has not been done.
#  Modification time never checked.
#  File has not been updated.
#  commands to execute (from `Makefile', line 98):
	@gcloud ai-platform jobs submit training ${JOB_NAME} \
	--job-dir gs://${BUCKET_NAME}/${BUCKET_TRAINING_FOLDER} \
	--package-path ${PACKAGE_NAME} \
	--module-name ${PACKAGE_NAME}.${FILENAME} \
	--python-version=${PYTHON_VERSION} \
	--runtime-version=${RUNTIME_VERSION} \
	--region ${REGION} \
	--scale-tier CUSTOM \
	--master-machine-type n1-standard-16 \
	--stream-logs
	

build:
#  Implicit rule search has not been done.
#  Modification time never checked.
#  File has not been updated.
#  commands to execute (from `Makefile', line 49):
	@python setup.py sdist bdist_wheel
	

upload_data:
#  Implicit rule search has not been done.
#  Modification time never checked.
#  File has not been updated.
#  commands to execute (from `Makefile', line 95):
	@gsutil cp ${LOCAL_PATH} gs://${BUCKET_NAME}/${BUCKET_FOLDER}/${BUCKET_FILE_NAME}
	

set_project:
#  Implicit rule search has not been done.
#  Modification time never checked.
#  File has not been updated.
#  commands to execute (from `Makefile', line 72):
	@gcloud config set project ${PROJECT_ID}
	

check_code:
#  Implicit rule search has not been done.
#  Modification time never checked.
#  File has not been updated.
#  commands to execute (from `Makefile', line 8):
	@flake8 scripts/* Voight-Kampff-Test-Backend/*.py
	

count_lines:
#  Implicit rule search has not been done.
#  Modification time never checked.
#  File has not been updated.
#  commands to execute (from `Makefile', line 34):
	@find ./ -name '*.py' -exec  wc -l {} \; | sort -n| awk \
	'{printf "%4s %s\n", $$1, $$2}{s+=$$0}END{print s}'
	@echo ''
	@find ./scripts -name '*-*' -exec  wc -l {} \; | sort -n| awk \
	'{printf "%4s %s\n", $$1, $$2}{s+=$$0}END{print s}'
	@echo ''
	@find ./tests -name '*.py' -exec  wc -l {} \; | sort -n| awk \
	'{printf "%4s %s\n", $$1, $$2}{s+=$$0}END{print s}'
	@echo ''
	

# Not a target:
.DEFAULT:
#  Implicit rule search has not been done.
#  Modification time never checked.
#  File has not been updated.

create_bucket:
#  Implicit rule search has not been done.
#  Modification time never checked.
#  File has not been updated.
#  commands to execute (from `Makefile', line 75):
	@gsutil mb -l ${REGION} -p ${PROJECT_ID} gs://${BUCKET_NAME}
	

clean:
#  Implicit rule search has not been done.
#  Implicit/static pattern stem: `'
#  File does not exist.
#  File has been updated.
#  Needs to be updated (-q is set).
# automatic
# @ := clean
# automatic
# % := 
# automatic
# * := 
# automatic
# + := 
# automatic
# | := 
# automatic
# < := 
# automatic
# ^ := 
# automatic
# ? := 
# variable set hash-table stats:
# Load=8/32=25%, Rehash=0, Collisions=1/10=10%
#  commands to execute (from `Makefile', line 21):
	@rm -f */version.txt
	@rm -f .coverage
	@rm -fr */__pycache__ */*.pyc __pycache__
	@rm -fr build dist
	@rm -fr Voight-Kampff-Test-Backend-*.dist-info
	@rm -fr Voight-Kampff-Test-Backend.egg-info
	

ftest:
#  Implicit rule search has not been done.
#  Modification time never checked.
#  File has not been updated.
#  commands to execute (from `Makefile', line 18):
	@Write me
	

pypi_test:
#  Implicit rule search has not been done.
#  Modification time never checked.
#  File has not been updated.
#  commands to execute (from `Makefile', line 52):
	@twine upload -r testpypi dist/* -u $(PYPI_USERNAME)
	

run_api:
#  Implicit rule search has not been done.
#  Modification time never checked.
#  File has not been updated.
#  commands to execute (from `Makefile', line 58):
	uvicorn api.fast:app --reload
	

install:
#  Implicit rule search has not been done.
#  Modification time never checked.
#  File has not been updated.
#  commands to execute (from `Makefile', line 29):
	@pip install . -U
	

# files hash-table stats:
# Load=20/1024=2%, Rehash=0, Collisions=0/39=0%
# VPATH Search Paths

# No `vpath' search paths.

 
# No general (`VPATH' variable) search path.

# # of strings in strcache: 1
# # of strcache buffers: 1
# strcache size: total = 4096 / max = 4096 / min = 4096 / avg = 4096
# strcache free: total = 4087 / max = 4087 / min = 4087 / avg = 4087

# Finished Make data base on Sat Jul 16 11:12:11 2022

 
